[0.583s] Invoking command in '/home/ali-hmaza/Downloads/ROS2/ros2_ws/src/my_py_pkg': DEBUGINFOD_URLS=https://debuginfod.ubuntu.com PYTHONPATH=/home/ali-hmaza/Downloads/ROS2/ros2_ws/build/my_py_pkg/prefix_override:/usr/lib/python3/dist-packages/colcon_core/task/python/colcon_distutils_commands:/home/ali-hmaza/Downloads/ROS2/ros2_ws/install/my_py_pkg/lib/python3.12/site-packages:/home/ali-hmaza/Downloads/ROS2/ros2_ws/install/my_robot_interfaces/lib/python3.12/site-packages:/home/ali-hmaza/Downloads/ROS2/ros2_ws/install/my_py_pkg/lib/python3.12/site-packages:/opt/ros/jazzy/lib/python3.12/site-packages /usr/bin/python3 -W ignore:setup.py install is deprecated -W ignore:easy_install command is deprecated setup.py egg_info --egg-base ../../build/my_py_pkg build --build-base /home/ali-hmaza/Downloads/ROS2/ros2_ws/build/my_py_pkg/build install --record /home/ali-hmaza/Downloads/ROS2/ros2_ws/build/my_py_pkg/install.log --single-version-externally-managed install_data
[0.762s] running egg_info
[0.773s] writing ../../build/my_py_pkg/my_py_pkg.egg-info/PKG-INFO
[0.773s] writing dependency_links to ../../build/my_py_pkg/my_py_pkg.egg-info/dependency_links.txt
[0.773s] writing entry points to ../../build/my_py_pkg/my_py_pkg.egg-info/entry_points.txt
[0.773s] writing requirements to ../../build/my_py_pkg/my_py_pkg.egg-info/requires.txt
[0.773s] writing top-level names to ../../build/my_py_pkg/my_py_pkg.egg-info/top_level.txt
[0.795s] reading manifest file '../../build/my_py_pkg/my_py_pkg.egg-info/SOURCES.txt'
[0.795s] writing manifest file '../../build/my_py_pkg/my_py_pkg.egg-info/SOURCES.txt'
[0.796s] running build
[0.796s] running build_py
[0.796s] copying my_py_pkg/number_counter.py -> /home/ali-hmaza/Downloads/ROS2/ros2_ws/build/my_py_pkg/build/lib/my_py_pkg
[0.796s] running install
[0.800s] running install_lib
[0.813s] copying /home/ali-hmaza/Downloads/ROS2/ros2_ws/build/my_py_pkg/build/lib/my_py_pkg/number_counter.py -> /home/ali-hmaza/Downloads/ROS2/ros2_ws/install/my_py_pkg/lib/python3.12/site-packages/my_py_pkg
[0.814s] byte-compiling /home/ali-hmaza/Downloads/ROS2/ros2_ws/install/my_py_pkg/lib/python3.12/site-packages/my_py_pkg/number_counter.py to number_counter.cpython-312.pyc
[0.814s] running install_data
[0.814s] running install_egg_info
[0.826s] removing '/home/ali-hmaza/Downloads/ROS2/ros2_ws/install/my_py_pkg/lib/python3.12/site-packages/my_py_pkg-0.0.0-py3.12.egg-info' (and everything under it)
[0.826s] Copying ../../build/my_py_pkg/my_py_pkg.egg-info to /home/ali-hmaza/Downloads/ROS2/ros2_ws/install/my_py_pkg/lib/python3.12/site-packages/my_py_pkg-0.0.0-py3.12.egg-info
[0.827s] running install_scripts
[0.902s] Installing number_counter script to /home/ali-hmaza/Downloads/ROS2/ros2_ws/install/my_py_pkg/lib/my_py_pkg
[0.903s] Installing number_publisher script to /home/ali-hmaza/Downloads/ROS2/ros2_ws/install/my_py_pkg/lib/my_py_pkg
[0.903s] Installing reset_counter_client script to /home/ali-hmaza/Downloads/ROS2/ros2_ws/install/my_py_pkg/lib/my_py_pkg
[0.903s] Installing test_node script to /home/ali-hmaza/Downloads/ROS2/ros2_ws/install/my_py_pkg/lib/my_py_pkg
[0.903s] writing list of installed files to '/home/ali-hmaza/Downloads/ROS2/ros2_ws/build/my_py_pkg/install.log'
[0.924s] Invoked command in '/home/ali-hmaza/Downloads/ROS2/ros2_ws/src/my_py_pkg' returned '0': DEBUGINFOD_URLS=https://debuginfod.ubuntu.com PYTHONPATH=/home/ali-hmaza/Downloads/ROS2/ros2_ws/build/my_py_pkg/prefix_override:/usr/lib/python3/dist-packages/colcon_core/task/python/colcon_distutils_commands:/home/ali-hmaza/Downloads/ROS2/ros2_ws/install/my_py_pkg/lib/python3.12/site-packages:/home/ali-hmaza/Downloads/ROS2/ros2_ws/install/my_robot_interfaces/lib/python3.12/site-packages:/home/ali-hmaza/Downloads/ROS2/ros2_ws/install/my_py_pkg/lib/python3.12/site-packages:/opt/ros/jazzy/lib/python3.12/site-packages /usr/bin/python3 -W ignore:setup.py install is deprecated -W ignore:easy_install command is deprecated setup.py egg_info --egg-base ../../build/my_py_pkg build --build-base /home/ali-hmaza/Downloads/ROS2/ros2_ws/build/my_py_pkg/build install --record /home/ali-hmaza/Downloads/ROS2/ros2_ws/build/my_py_pkg/install.log --single-version-externally-managed install_data
