[0.010s] Invoking command in '/home/ali-hmaza/Downloads/ROS2/ros2_ws/build/my_robot_interfaces': CMAKE_PREFIX_PATH=${CMAKE_PREFIX_PATH}:/opt/ros/jazzy DEBUGINFOD_URLS=https://debuginfod.ubuntu.com /usr/bin/cmake /home/ali-hmaza/Downloads/ROS2/ros2_ws/src/my_robot_interfaces -DCMAKE_INSTALL_PREFIX=/home/ali-hmaza/Downloads/ROS2/ros2_ws/install/my_robot_interfaces
[0.141s] -- The C compiler identification is GNU 13.3.0
[0.281s] -- The CXX compiler identification is GNU 13.3.0
[0.305s] -- Detecting C compiler ABI info
[0.436s] -- Detecting C compiler ABI info - done
[0.450s] -- Check for working C compiler: /usr/bin/cc - skipped
[0.451s] -- Detecting C compile features
[0.451s] -- Detecting C compile features - done
[0.464s] -- Detecting CXX compiler ABI info
[0.594s] -- Detecting CXX compiler ABI info - done
[0.605s] -- Check for working CXX compiler: /usr/bin/c++ - skipped
[0.605s] -- Detecting CXX compile features
[0.606s] -- Detecting CXX compile features - done
[0.618s] -- Found ament_cmake: 2.5.4 (/opt/ros/jazzy/share/ament_cmake/cmake)
[0.815s] -- Found Python3: /usr/bin/python3 (found version "3.12.3") found components: Interpreter 
[0.968s] -- Found rosidl_default_generators: 1.6.0 (/opt/ros/jazzy/share/rosidl_default_generators/cmake)
[0.977s] -- Using all available rosidl_typesupport_c: rosidl_typesupport_fastrtps_c;rosidl_typesupport_introspection_c
[1.043s] -- Using all available rosidl_typesupport_cpp: rosidl_typesupport_fastrtps_cpp;rosidl_typesupport_introspection_cpp
[1.076s] -- Found rosidl_adapter: 4.6.6 (/opt/ros/jazzy/share/rosidl_adapter/cmake)
[1.800s] -- Found ament_cmake_ros: 0.12.0 (/opt/ros/jazzy/share/ament_cmake_ros/cmake)
[2.352s] -- Using all available rosidl_typesupport_c: rosidl_typesupport_fastrtps_c;rosidl_typesupport_introspection_c
[3.071s] -- Using all available rosidl_typesupport_cpp: rosidl_typesupport_fastrtps_cpp;rosidl_typesupport_introspection_cpp
[3.078s] -- Found python_cmake_module: 0.11.1 (/opt/ros/jazzy/share/python_cmake_module/cmake)
[3.256s] -- Found PythonExtra: /usr/bin/python3  
[3.819s] -- Found Python3: /usr/bin/python3 (found version "3.12.3") found components: Interpreter Development NumPy Development.Module Development.Embed 
[3.869s] -- Configuring done (3.8s)
[3.901s] -- Generating done (0.0s)
[3.908s] -- Build files have been written to: /home/ali-hmaza/Downloads/ROS2/ros2_ws/build/my_robot_interfaces
[3.914s] Invoked command in '/home/ali-hmaza/Downloads/ROS2/ros2_ws/build/my_robot_interfaces' returned '0': CMAKE_PREFIX_PATH=${CMAKE_PREFIX_PATH}:/opt/ros/jazzy DEBUGINFOD_URLS=https://debuginfod.ubuntu.com /usr/bin/cmake /home/ali-hmaza/Downloads/ROS2/ros2_ws/src/my_robot_interfaces -DCMAKE_INSTALL_PREFIX=/home/ali-hmaza/Downloads/ROS2/ros2_ws/install/my_robot_interfaces
[3.916s] Invoking command in '/home/ali-hmaza/Downloads/ROS2/ros2_ws/build/my_robot_interfaces': CMAKE_PREFIX_PATH=${CMAKE_PREFIX_PATH}:/opt/ros/jazzy DEBUGINFOD_URLS=https://debuginfod.ubuntu.com /usr/bin/cmake --build /home/ali-hmaza/Downloads/ROS2/ros2_ws/build/my_robot_interfaces -- -j12 -l12
[3.978s] [  2%] [34m[1mGenerating type hashes for ROS interfaces[0m
[3.991s] [  2%] Built target ament_cmake_python_copy_my_robot_interfaces
[4.154s] [  2%] Built target my_robot_interfaces__rosidl_generator_type_description
[4.166s] [  4%] [34m[1mGenerating C code for ROS interfaces[0m
[4.170s] running egg_info
[4.171s] creating my_robot_interfaces.egg-info
[4.177s] [  6%] [34m[1mGenerating C++ code for ROS interfaces[0m
[4.190s] writing my_robot_interfaces.egg-info/PKG-INFO
[4.190s] writing dependency_links to my_robot_interfaces.egg-info/dependency_links.txt
[4.190s] writing top-level names to my_robot_interfaces.egg-info/top_level.txt
[4.190s] writing manifest file 'my_robot_interfaces.egg-info/SOURCES.txt'
[4.232s] reading manifest file 'my_robot_interfaces.egg-info/SOURCES.txt'
[4.232s] writing manifest file 'my_robot_interfaces.egg-info/SOURCES.txt'
[4.259s] [  6%] Built target ament_cmake_python_build_my_robot_interfaces_egg
[4.420s] [ 11%] [32mBuilding C object CMakeFiles/my_robot_interfaces__rosidl_generator_c.dir/rosidl_generator_c/my_robot_interfaces/msg/detail/hardware_status__functions.c.o[0m
[4.420s] [ 11%] [32mBuilding C object CMakeFiles/my_robot_interfaces__rosidl_generator_c.dir/rosidl_generator_c/my_robot_interfaces/msg/detail/hardware_status__description.c.o[0m
[4.423s] [ 15%] [32mBuilding C object CMakeFiles/my_robot_interfaces__rosidl_generator_c.dir/rosidl_generator_c/my_robot_interfaces/srv/detail/reset_counter__type_support.c.o[0m
[4.423s] [ 15%] [32mBuilding C object CMakeFiles/my_robot_interfaces__rosidl_generator_c.dir/rosidl_generator_c/my_robot_interfaces/srv/detail/reset_counter__description.c.o[0m
[4.424s] [ 18%] [32mBuilding C object CMakeFiles/my_robot_interfaces__rosidl_generator_c.dir/rosidl_generator_c/my_robot_interfaces/msg/detail/hardware_status__type_support.c.o[0m
[4.425s] [ 20%] [32mBuilding C object CMakeFiles/my_robot_interfaces__rosidl_generator_c.dir/rosidl_generator_c/my_robot_interfaces/srv/detail/reset_counter__functions.c.o[0m
[4.427s] [ 20%] Built target my_robot_interfaces__cpp
[4.501s] [ 22%] [32m[1mLinking C shared library libmy_robot_interfaces__rosidl_generator_c.so[0m
[4.562s] [ 22%] Built target my_robot_interfaces__rosidl_generator_c
[4.579s] [ 25%] [34m[1mGenerating C type support for eProsima Fast-RTPS[0m
[4.580s] [ 27%] [34m[1mGenerating C type support dispatch for ROS interfaces[0m
[4.582s] [ 29%] [34m[1mGenerating C++ introspection for ROS interfaces[0m
[4.583s] [ 34%] [34m[1mGenerating C introspection for ROS interfaces[0m
[4.583s] [ 34%] [34m[1mGenerating C++ type support dispatch for ROS interfaces[0m
[4.583s] [ 36%] [34m[1mGenerating C++ type support for eProsima Fast-RTPS[0m
[4.899s] [ 38%] [32mBuilding CXX object CMakeFiles/my_robot_interfaces__rosidl_typesupport_introspection_cpp.dir/rosidl_typesupport_introspection_cpp/my_robot_interfaces/msg/detail/hardware_status__type_support.cpp.o[0m
[4.899s] [ 40%] [32mBuilding CXX object CMakeFiles/my_robot_interfaces__rosidl_typesupport_introspection_cpp.dir/rosidl_typesupport_introspection_cpp/my_robot_interfaces/srv/detail/reset_counter__type_support.cpp.o[0m
[4.923s] [ 43%] [32mBuilding CXX object CMakeFiles/my_robot_interfaces__rosidl_typesupport_fastrtps_cpp.dir/rosidl_typesupport_fastrtps_cpp/my_robot_interfaces/srv/detail/dds_fastrtps/reset_counter__type_support.cpp.o[0m
[4.926s] [ 45%] [32mBuilding CXX object CMakeFiles/my_robot_interfaces__rosidl_typesupport_fastrtps_cpp.dir/rosidl_typesupport_fastrtps_cpp/my_robot_interfaces/msg/detail/dds_fastrtps/hardware_status__type_support.cpp.o[0m
[4.935s] [ 47%] [32mBuilding C object CMakeFiles/my_robot_interfaces__rosidl_typesupport_introspection_c.dir/rosidl_typesupport_introspection_c/my_robot_interfaces/msg/detail/hardware_status__type_support.c.o[0m
[4.937s] [ 50%] [32mBuilding C object CMakeFiles/my_robot_interfaces__rosidl_typesupport_introspection_c.dir/rosidl_typesupport_introspection_c/my_robot_interfaces/srv/detail/reset_counter__type_support.c.o[0m
[4.961s] [ 52%] [32mBuilding CXX object CMakeFiles/my_robot_interfaces__rosidl_typesupport_c.dir/rosidl_typesupport_c/my_robot_interfaces/msg/hardware_status__type_support.cpp.o[0m
[4.962s] [ 54%] [32mBuilding CXX object CMakeFiles/my_robot_interfaces__rosidl_typesupport_cpp.dir/rosidl_typesupport_cpp/my_robot_interfaces/msg/hardware_status__type_support.cpp.o[0m
[4.962s] [ 56%] [32mBuilding CXX object CMakeFiles/my_robot_interfaces__rosidl_typesupport_c.dir/rosidl_typesupport_c/my_robot_interfaces/srv/reset_counter__type_support.cpp.o[0m
[4.963s] [ 59%] [32mBuilding CXX object CMakeFiles/my_robot_interfaces__rosidl_typesupport_cpp.dir/rosidl_typesupport_cpp/my_robot_interfaces/srv/reset_counter__type_support.cpp.o[0m
[4.999s] [ 61%] [32m[1mLinking C shared library libmy_robot_interfaces__rosidl_typesupport_introspection_c.so[0m
[5.021s] [ 63%] [32m[1mLinking CXX shared library libmy_robot_interfaces__rosidl_typesupport_c.so[0m
[5.039s] [ 63%] Built target my_robot_interfaces__rosidl_typesupport_introspection_c
[5.071s] [ 63%] Built target my_robot_interfaces__rosidl_typesupport_c
[5.097s] [ 65%] [32mBuilding CXX object CMakeFiles/my_robot_interfaces__rosidl_typesupport_fastrtps_c.dir/rosidl_typesupport_fastrtps_c/my_robot_interfaces/msg/detail/hardware_status__type_support_c.cpp.o[0m
[5.097s] [ 68%] [32mBuilding CXX object CMakeFiles/my_robot_interfaces__rosidl_typesupport_fastrtps_c.dir/rosidl_typesupport_fastrtps_c/my_robot_interfaces/srv/detail/reset_counter__type_support_c.cpp.o[0m
[5.463s] [ 70%] [32m[1mLinking CXX shared library libmy_robot_interfaces__rosidl_typesupport_cpp.so[0m
[5.466s] [ 72%] [32m[1mLinking CXX shared library libmy_robot_interfaces__rosidl_typesupport_introspection_cpp.so[0m
[5.580s] [ 72%] Built target my_robot_interfaces__rosidl_typesupport_cpp
[5.584s] [ 72%] Built target my_robot_interfaces__rosidl_typesupport_introspection_cpp
[5.674s] [ 75%] [32m[1mLinking CXX shared library libmy_robot_interfaces__rosidl_typesupport_fastrtps_c.so[0m
[5.733s] [ 77%] [32m[1mLinking CXX shared library libmy_robot_interfaces__rosidl_typesupport_fastrtps_cpp.so[0m
[5.750s] [ 77%] Built target my_robot_interfaces__rosidl_typesupport_fastrtps_c
[5.811s] [ 77%] Built target my_robot_interfaces__rosidl_typesupport_fastrtps_cpp
[5.837s] [ 77%] Built target my_robot_interfaces
[5.866s] [ 79%] [34m[1mGenerating Python code for ROS interfaces[0m
[6.130s] [ 79%] Built target my_robot_interfaces__py
[6.157s] [ 81%] [32mBuilding C object CMakeFiles/my_robot_interfaces__rosidl_generator_py.dir/rosidl_generator_py/my_robot_interfaces/srv/_reset_counter_s.c.o[0m
[6.157s] [ 84%] [32mBuilding C object CMakeFiles/my_robot_interfaces__rosidl_generator_py.dir/rosidl_generator_py/my_robot_interfaces/msg/_hardware_status_s.c.o[0m
[6.308s] [ 86%] [32m[1mLinking C shared library libmy_robot_interfaces__rosidl_generator_py.so[0m
[6.370s] [ 86%] Built target my_robot_interfaces__rosidl_generator_py
[6.409s] [ 88%] [32mBuilding C object CMakeFiles/my_robot_interfaces_s__rosidl_typesupport_fastrtps_c.dir/rosidl_generator_py/my_robot_interfaces/_my_robot_interfaces_s.ep.rosidl_typesupport_fastrtps_c.c.o[0m
[6.411s] [ 90%] [32mBuilding C object CMakeFiles/my_robot_interfaces_s__rosidl_typesupport_introspection_c.dir/rosidl_generator_py/my_robot_interfaces/_my_robot_interfaces_s.ep.rosidl_typesupport_introspection_c.c.o[0m
[6.412s] [ 93%] [32mBuilding C object CMakeFiles/my_robot_interfaces_s__rosidl_typesupport_c.dir/rosidl_generator_py/my_robot_interfaces/_my_robot_interfaces_s.ep.rosidl_typesupport_c.c.o[0m
[6.520s] [ 95%] [32m[1mLinking C shared module rosidl_generator_py/my_robot_interfaces/my_robot_interfaces_s__rosidl_typesupport_fastrtps_c.so[0m
[6.520s] [ 97%] [32m[1mLinking C shared module rosidl_generator_py/my_robot_interfaces/my_robot_interfaces_s__rosidl_typesupport_introspection_c.so[0m
[6.547s] [100%] [32m[1mLinking C shared module rosidl_generator_py/my_robot_interfaces/my_robot_interfaces_s__rosidl_typesupport_c.so[0m
[6.552s] [100%] Built target my_robot_interfaces_s__rosidl_typesupport_fastrtps_c
[6.555s] [100%] Built target my_robot_interfaces_s__rosidl_typesupport_introspection_c
[6.575s] [100%] Built target my_robot_interfaces_s__rosidl_typesupport_c
[6.587s] Invoked command in '/home/ali-hmaza/Downloads/ROS2/ros2_ws/build/my_robot_interfaces' returned '0': CMAKE_PREFIX_PATH=${CMAKE_PREFIX_PATH}:/opt/ros/jazzy DEBUGINFOD_URLS=https://debuginfod.ubuntu.com /usr/bin/cmake --build /home/ali-hmaza/Downloads/ROS2/ros2_ws/build/my_robot_interfaces -- -j12 -l12
[6.600s] Invoking command in '/home/ali-hmaza/Downloads/ROS2/ros2_ws/build/my_robot_interfaces': CMAKE_PREFIX_PATH=${CMAKE_PREFIX_PATH}:/opt/ros/jazzy DEBUGINFOD_URLS=https://debuginfod.ubuntu.com /usr/bin/cmake --install /home/ali-hmaza/Downloads/ROS2/ros2_ws/build/my_robot_interfaces
[6.611s] -- Install configuration: ""
[6.612s] -- Installing: /home/ali-hmaza/Downloads/ROS2/ros2_ws/install/my_robot_interfaces/share/ament_index/resource_index/rosidl_interfaces/my_robot_interfaces
[6.612s] -- Installing: /home/ali-hmaza/Downloads/ROS2/ros2_ws/install/my_robot_interfaces/share/my_robot_interfaces/msg/HardwareStatus.json
[6.612s] -- Installing: /home/ali-hmaza/Downloads/ROS2/ros2_ws/install/my_robot_interfaces/share/my_robot_interfaces/srv/ResetCounter.json
[6.612s] -- Installing: /home/ali-hmaza/Downloads/ROS2/ros2_ws/install/my_robot_interfaces/include/my_robot_interfaces/my_robot_interfaces
[6.612s] -- Installing: /home/ali-hmaza/Downloads/ROS2/ros2_ws/install/my_robot_interfaces/include/my_robot_interfaces/my_robot_interfaces/srv
[6.612s] -- Installing: /home/ali-hmaza/Downloads/ROS2/ros2_ws/install/my_robot_interfaces/include/my_robot_interfaces/my_robot_interfaces/srv/detail
[6.612s] -- Installing: /home/ali-hmaza/Downloads/ROS2/ros2_ws/install/my_robot_interfaces/include/my_robot_interfaces/my_robot_interfaces/srv/detail/reset_counter__struct.h
[6.613s] -- Installing: /home/ali-hmaza/Downloads/ROS2/ros2_ws/install/my_robot_interfaces/include/my_robot_interfaces/my_robot_interfaces/srv/detail/reset_counter__type_support.h
[6.613s] -- Installing: /home/ali-hmaza/Downloads/ROS2/ros2_ws/install/my_robot_interfaces/include/my_robot_interfaces/my_robot_interfaces/srv/detail/reset_counter__functions.h
[6.613s] -- Installing: /home/ali-hmaza/Downloads/ROS2/ros2_ws/install/my_robot_interfaces/include/my_robot_interfaces/my_robot_interfaces/srv/detail/reset_counter__type_support.c
[6.613s] -- Installing: /home/ali-hmaza/Downloads/ROS2/ros2_ws/install/my_robot_interfaces/include/my_robot_interfaces/my_robot_interfaces/srv/detail/reset_counter__functions.c
[6.613s] -- Installing: /home/ali-hmaza/Downloads/ROS2/ros2_ws/install/my_robot_interfaces/include/my_robot_interfaces/my_robot_interfaces/srv/detail/reset_counter__description.c
[6.613s] -- Installing: /home/ali-hmaza/Downloads/ROS2/ros2_ws/install/my_robot_interfaces/include/my_robot_interfaces/my_robot_interfaces/srv/reset_counter.h
[6.613s] -- Installing: /home/ali-hmaza/Downloads/ROS2/ros2_ws/install/my_robot_interfaces/include/my_robot_interfaces/my_robot_interfaces/msg
[6.613s] -- Installing: /home/ali-hmaza/Downloads/ROS2/ros2_ws/install/my_robot_interfaces/include/my_robot_interfaces/my_robot_interfaces/msg/rosidl_generator_c__visibility_control.h
[6.613s] -- Installing: /home/ali-hmaza/Downloads/ROS2/ros2_ws/install/my_robot_interfaces/include/my_robot_interfaces/my_robot_interfaces/msg/detail
[6.613s] -- Installing: /home/ali-hmaza/Downloads/ROS2/ros2_ws/install/my_robot_interfaces/include/my_robot_interfaces/my_robot_interfaces/msg/detail/hardware_status__functions.h
[6.613s] -- Installing: /home/ali-hmaza/Downloads/ROS2/ros2_ws/install/my_robot_interfaces/include/my_robot_interfaces/my_robot_interfaces/msg/detail/hardware_status__struct.h
[6.613s] -- Installing: /home/ali-hmaza/Downloads/ROS2/ros2_ws/install/my_robot_interfaces/include/my_robot_interfaces/my_robot_interfaces/msg/detail/hardware_status__functions.c
[6.614s] -- Installing: /home/ali-hmaza/Downloads/ROS2/ros2_ws/install/my_robot_interfaces/include/my_robot_interfaces/my_robot_interfaces/msg/detail/hardware_status__type_support.h
[6.614s] -- Installing: /home/ali-hmaza/Downloads/ROS2/ros2_ws/install/my_robot_interfaces/include/my_robot_interfaces/my_robot_interfaces/msg/detail/hardware_status__type_support.c
[6.614s] -- Installing: /home/ali-hmaza/Downloads/ROS2/ros2_ws/install/my_robot_interfaces/include/my_robot_interfaces/my_robot_interfaces/msg/detail/hardware_status__description.c
[6.614s] -- Installing: /home/ali-hmaza/Downloads/ROS2/ros2_ws/install/my_robot_interfaces/include/my_robot_interfaces/my_robot_interfaces/msg/hardware_status.h
[6.614s] -- Installing: /home/ali-hmaza/Downloads/ROS2/ros2_ws/install/my_robot_interfaces/share/my_robot_interfaces/environment/library_path.sh
[6.614s] -- Installing: /home/ali-hmaza/Downloads/ROS2/ros2_ws/install/my_robot_interfaces/share/my_robot_interfaces/environment/library_path.dsv
[6.614s] -- Installing: /home/ali-hmaza/Downloads/ROS2/ros2_ws/install/my_robot_interfaces/lib/libmy_robot_interfaces__rosidl_generator_c.so
[6.614s] -- Set non-toolchain portion of runtime path of "/home/ali-hmaza/Downloads/ROS2/ros2_ws/install/my_robot_interfaces/lib/libmy_robot_interfaces__rosidl_generator_c.so" to ""
[6.614s] -- Up-to-date: /home/ali-hmaza/Downloads/ROS2/ros2_ws/install/my_robot_interfaces/include/my_robot_interfaces/my_robot_interfaces
[6.614s] -- Up-to-date: /home/ali-hmaza/Downloads/ROS2/ros2_ws/install/my_robot_interfaces/include/my_robot_interfaces/my_robot_interfaces/srv
[6.614s] -- Up-to-date: /home/ali-hmaza/Downloads/ROS2/ros2_ws/install/my_robot_interfaces/include/my_robot_interfaces/my_robot_interfaces/srv/detail
[6.614s] -- Installing: /home/ali-hmaza/Downloads/ROS2/ros2_ws/install/my_robot_interfaces/include/my_robot_interfaces/my_robot_interfaces/srv/detail/reset_counter__rosidl_typesupport_fastrtps_c.h
[6.614s] -- Up-to-date: /home/ali-hmaza/Downloads/ROS2/ros2_ws/install/my_robot_interfaces/include/my_robot_interfaces/my_robot_interfaces/msg
[6.615s] -- Up-to-date: /home/ali-hmaza/Downloads/ROS2/ros2_ws/install/my_robot_interfaces/include/my_robot_interfaces/my_robot_interfaces/msg/detail
[6.615s] -- Installing: /home/ali-hmaza/Downloads/ROS2/ros2_ws/install/my_robot_interfaces/include/my_robot_interfaces/my_robot_interfaces/msg/detail/hardware_status__rosidl_typesupport_fastrtps_c.h
[6.615s] -- Installing: /home/ali-hmaza/Downloads/ROS2/ros2_ws/install/my_robot_interfaces/include/my_robot_interfaces/my_robot_interfaces/msg/rosidl_typesupport_fastrtps_c__visibility_control.h
[6.615s] -- Installing: /home/ali-hmaza/Downloads/ROS2/ros2_ws/install/my_robot_interfaces/lib/libmy_robot_interfaces__rosidl_typesupport_fastrtps_c.so
[6.615s] -- Set non-toolchain portion of runtime path of "/home/ali-hmaza/Downloads/ROS2/ros2_ws/install/my_robot_interfaces/lib/libmy_robot_interfaces__rosidl_typesupport_fastrtps_c.so" to ""
[6.615s] -- Up-to-date: /home/ali-hmaza/Downloads/ROS2/ros2_ws/install/my_robot_interfaces/include/my_robot_interfaces/my_robot_interfaces
[6.615s] -- Up-to-date: /home/ali-hmaza/Downloads/ROS2/ros2_ws/install/my_robot_interfaces/include/my_robot_interfaces/my_robot_interfaces/srv
[6.615s] -- Up-to-date: /home/ali-hmaza/Downloads/ROS2/ros2_ws/install/my_robot_interfaces/include/my_robot_interfaces/my_robot_interfaces/srv/detail
[6.615s] -- Installing: /home/ali-hmaza/Downloads/ROS2/ros2_ws/install/my_robot_interfaces/include/my_robot_interfaces/my_robot_interfaces/srv/detail/reset_counter__rosidl_typesupport_introspection_c.h
[6.615s] -- Up-to-date: /home/ali-hmaza/Downloads/ROS2/ros2_ws/install/my_robot_interfaces/include/my_robot_interfaces/my_robot_interfaces/srv/detail/reset_counter__type_support.c
[6.615s] -- Up-to-date: /home/ali-hmaza/Downloads/ROS2/ros2_ws/install/my_robot_interfaces/include/my_robot_interfaces/my_robot_interfaces/msg
[6.615s] -- Up-to-date: /home/ali-hmaza/Downloads/ROS2/ros2_ws/install/my_robot_interfaces/include/my_robot_interfaces/my_robot_interfaces/msg/detail
[6.615s] -- Installing: /home/ali-hmaza/Downloads/ROS2/ros2_ws/install/my_robot_interfaces/include/my_robot_interfaces/my_robot_interfaces/msg/detail/hardware_status__rosidl_typesupport_introspection_c.h
[6.616s] -- Up-to-date: /home/ali-hmaza/Downloads/ROS2/ros2_ws/install/my_robot_interfaces/include/my_robot_interfaces/my_robot_interfaces/msg/detail/hardware_status__type_support.c
[6.616s] -- Installing: /home/ali-hmaza/Downloads/ROS2/ros2_ws/install/my_robot_interfaces/include/my_robot_interfaces/my_robot_interfaces/msg/rosidl_typesupport_introspection_c__visibility_control.h
[6.616s] -- Installing: /home/ali-hmaza/Downloads/ROS2/ros2_ws/install/my_robot_interfaces/lib/libmy_robot_interfaces__rosidl_typesupport_introspection_c.so
[6.616s] -- Set non-toolchain portion of runtime path of "/home/ali-hmaza/Downloads/ROS2/ros2_ws/install/my_robot_interfaces/lib/libmy_robot_interfaces__rosidl_typesupport_introspection_c.so" to ""
[6.616s] -- Installing: /home/ali-hmaza/Downloads/ROS2/ros2_ws/install/my_robot_interfaces/lib/libmy_robot_interfaces__rosidl_typesupport_c.so
[6.616s] -- Set non-toolchain portion of runtime path of "/home/ali-hmaza/Downloads/ROS2/ros2_ws/install/my_robot_interfaces/lib/libmy_robot_interfaces__rosidl_typesupport_c.so" to ""
[6.616s] -- Up-to-date: /home/ali-hmaza/Downloads/ROS2/ros2_ws/install/my_robot_interfaces/include/my_robot_interfaces/my_robot_interfaces
[6.616s] -- Up-to-date: /home/ali-hmaza/Downloads/ROS2/ros2_ws/install/my_robot_interfaces/include/my_robot_interfaces/my_robot_interfaces/srv
[6.616s] -- Up-to-date: /home/ali-hmaza/Downloads/ROS2/ros2_ws/install/my_robot_interfaces/include/my_robot_interfaces/my_robot_interfaces/srv/detail
[6.616s] -- Installing: /home/ali-hmaza/Downloads/ROS2/ros2_ws/install/my_robot_interfaces/include/my_robot_interfaces/my_robot_interfaces/srv/detail/reset_counter__builder.hpp
[6.616s] -- Installing: /home/ali-hmaza/Downloads/ROS2/ros2_ws/install/my_robot_interfaces/include/my_robot_interfaces/my_robot_interfaces/srv/detail/reset_counter__type_support.hpp
[6.616s] -- Installing: /home/ali-hmaza/Downloads/ROS2/ros2_ws/install/my_robot_interfaces/include/my_robot_interfaces/my_robot_interfaces/srv/detail/reset_counter__struct.hpp
[6.616s] -- Installing: /home/ali-hmaza/Downloads/ROS2/ros2_ws/install/my_robot_interfaces/include/my_robot_interfaces/my_robot_interfaces/srv/detail/reset_counter__traits.hpp
[6.617s] -- Installing: /home/ali-hmaza/Downloads/ROS2/ros2_ws/install/my_robot_interfaces/include/my_robot_interfaces/my_robot_interfaces/srv/reset_counter.hpp
[6.617s] -- Up-to-date: /home/ali-hmaza/Downloads/ROS2/ros2_ws/install/my_robot_interfaces/include/my_robot_interfaces/my_robot_interfaces/msg
[6.617s] -- Installing: /home/ali-hmaza/Downloads/ROS2/ros2_ws/install/my_robot_interfaces/include/my_robot_interfaces/my_robot_interfaces/msg/hardware_status.hpp
[6.617s] -- Up-to-date: /home/ali-hmaza/Downloads/ROS2/ros2_ws/install/my_robot_interfaces/include/my_robot_interfaces/my_robot_interfaces/msg/detail
[6.617s] -- Installing: /home/ali-hmaza/Downloads/ROS2/ros2_ws/install/my_robot_interfaces/include/my_robot_interfaces/my_robot_interfaces/msg/detail/hardware_status__builder.hpp
[6.617s] -- Installing: /home/ali-hmaza/Downloads/ROS2/ros2_ws/install/my_robot_interfaces/include/my_robot_interfaces/my_robot_interfaces/msg/detail/hardware_status__struct.hpp
[6.617s] -- Installing: /home/ali-hmaza/Downloads/ROS2/ros2_ws/install/my_robot_interfaces/include/my_robot_interfaces/my_robot_interfaces/msg/detail/hardware_status__traits.hpp
[6.617s] -- Installing: /home/ali-hmaza/Downloads/ROS2/ros2_ws/install/my_robot_interfaces/include/my_robot_interfaces/my_robot_interfaces/msg/detail/hardware_status__type_support.hpp
[6.617s] -- Installing: /home/ali-hmaza/Downloads/ROS2/ros2_ws/install/my_robot_interfaces/include/my_robot_interfaces/my_robot_interfaces/msg/rosidl_generator_cpp__visibility_control.hpp
[6.617s] -- Up-to-date: /home/ali-hmaza/Downloads/ROS2/ros2_ws/install/my_robot_interfaces/include/my_robot_interfaces/my_robot_interfaces
[6.617s] -- Up-to-date: /home/ali-hmaza/Downloads/ROS2/ros2_ws/install/my_robot_interfaces/include/my_robot_interfaces/my_robot_interfaces/srv
[6.617s] -- Up-to-date: /home/ali-hmaza/Downloads/ROS2/ros2_ws/install/my_robot_interfaces/include/my_robot_interfaces/my_robot_interfaces/srv/detail
[6.617s] -- Installing: /home/ali-hmaza/Downloads/ROS2/ros2_ws/install/my_robot_interfaces/include/my_robot_interfaces/my_robot_interfaces/srv/detail/reset_counter__rosidl_typesupport_fastrtps_cpp.hpp
[6.618s] -- Installing: /home/ali-hmaza/Downloads/ROS2/ros2_ws/install/my_robot_interfaces/include/my_robot_interfaces/my_robot_interfaces/srv/detail/dds_fastrtps
[6.618s] -- Up-to-date: /home/ali-hmaza/Downloads/ROS2/ros2_ws/install/my_robot_interfaces/include/my_robot_interfaces/my_robot_interfaces/msg
[6.618s] -- Up-to-date: /home/ali-hmaza/Downloads/ROS2/ros2_ws/install/my_robot_interfaces/include/my_robot_interfaces/my_robot_interfaces/msg/detail
[6.618s] -- Installing: /home/ali-hmaza/Downloads/ROS2/ros2_ws/install/my_robot_interfaces/include/my_robot_interfaces/my_robot_interfaces/msg/detail/hardware_status__rosidl_typesupport_fastrtps_cpp.hpp
[6.618s] -- Installing: /home/ali-hmaza/Downloads/ROS2/ros2_ws/install/my_robot_interfaces/include/my_robot_interfaces/my_robot_interfaces/msg/detail/dds_fastrtps
[6.618s] -- Installing: /home/ali-hmaza/Downloads/ROS2/ros2_ws/install/my_robot_interfaces/include/my_robot_interfaces/my_robot_interfaces/msg/rosidl_typesupport_fastrtps_cpp__visibility_control.h
[6.618s] -- Installing: /home/ali-hmaza/Downloads/ROS2/ros2_ws/install/my_robot_interfaces/lib/libmy_robot_interfaces__rosidl_typesupport_fastrtps_cpp.so
[6.618s] -- Set non-toolchain portion of runtime path of "/home/ali-hmaza/Downloads/ROS2/ros2_ws/install/my_robot_interfaces/lib/libmy_robot_interfaces__rosidl_typesupport_fastrtps_cpp.so" to ""
[6.618s] -- Up-to-date: /home/ali-hmaza/Downloads/ROS2/ros2_ws/install/my_robot_interfaces/include/my_robot_interfaces/my_robot_interfaces
[6.618s] -- Up-to-date: /home/ali-hmaza/Downloads/ROS2/ros2_ws/install/my_robot_interfaces/include/my_robot_interfaces/my_robot_interfaces/srv
[6.618s] -- Up-to-date: /home/ali-hmaza/Downloads/ROS2/ros2_ws/install/my_robot_interfaces/include/my_robot_interfaces/my_robot_interfaces/srv/detail
[6.618s] -- Installing: /home/ali-hmaza/Downloads/ROS2/ros2_ws/install/my_robot_interfaces/include/my_robot_interfaces/my_robot_interfaces/srv/detail/reset_counter__type_support.cpp
[6.619s] -- Installing: /home/ali-hmaza/Downloads/ROS2/ros2_ws/install/my_robot_interfaces/include/my_robot_interfaces/my_robot_interfaces/srv/detail/reset_counter__rosidl_typesupport_introspection_cpp.hpp
[6.619s] -- Up-to-date: /home/ali-hmaza/Downloads/ROS2/ros2_ws/install/my_robot_interfaces/include/my_robot_interfaces/my_robot_interfaces/msg
[6.619s] -- Up-to-date: /home/ali-hmaza/Downloads/ROS2/ros2_ws/install/my_robot_interfaces/include/my_robot_interfaces/my_robot_interfaces/msg/detail
[6.619s] -- Installing: /home/ali-hmaza/Downloads/ROS2/ros2_ws/install/my_robot_interfaces/include/my_robot_interfaces/my_robot_interfaces/msg/detail/hardware_status__rosidl_typesupport_introspection_cpp.hpp
[6.619s] -- Installing: /home/ali-hmaza/Downloads/ROS2/ros2_ws/install/my_robot_interfaces/include/my_robot_interfaces/my_robot_interfaces/msg/detail/hardware_status__type_support.cpp
[6.619s] -- Installing: /home/ali-hmaza/Downloads/ROS2/ros2_ws/install/my_robot_interfaces/lib/libmy_robot_interfaces__rosidl_typesupport_introspection_cpp.so
[6.619s] -- Set non-toolchain portion of runtime path of "/home/ali-hmaza/Downloads/ROS2/ros2_ws/install/my_robot_interfaces/lib/libmy_robot_interfaces__rosidl_typesupport_introspection_cpp.so" to ""
[6.619s] -- Installing: /home/ali-hmaza/Downloads/ROS2/ros2_ws/install/my_robot_interfaces/lib/libmy_robot_interfaces__rosidl_typesupport_cpp.so
[6.619s] -- Set non-toolchain portion of runtime path of "/home/ali-hmaza/Downloads/ROS2/ros2_ws/install/my_robot_interfaces/lib/libmy_robot_interfaces__rosidl_typesupport_cpp.so" to ""
[6.619s] -- Installing: /home/ali-hmaza/Downloads/ROS2/ros2_ws/install/my_robot_interfaces/share/my_robot_interfaces/environment/pythonpath.sh
[6.619s] -- Installing: /home/ali-hmaza/Downloads/ROS2/ros2_ws/install/my_robot_interfaces/share/my_robot_interfaces/environment/pythonpath.dsv
[6.619s] -- Installing: /home/ali-hmaza/Downloads/ROS2/ros2_ws/install/my_robot_interfaces/lib/python3.12/site-packages/my_robot_interfaces-0.0.0-py3.12.egg-info
[6.620s] -- Installing: /home/ali-hmaza/Downloads/ROS2/ros2_ws/install/my_robot_interfaces/lib/python3.12/site-packages/my_robot_interfaces-0.0.0-py3.12.egg-info/top_level.txt
[6.620s] -- Installing: /home/ali-hmaza/Downloads/ROS2/ros2_ws/install/my_robot_interfaces/lib/python3.12/site-packages/my_robot_interfaces-0.0.0-py3.12.egg-info/PKG-INFO
[6.620s] -- Installing: /home/ali-hmaza/Downloads/ROS2/ros2_ws/install/my_robot_interfaces/lib/python3.12/site-packages/my_robot_interfaces-0.0.0-py3.12.egg-info/SOURCES.txt
[6.620s] -- Installing: /home/ali-hmaza/Downloads/ROS2/ros2_ws/install/my_robot_interfaces/lib/python3.12/site-packages/my_robot_interfaces-0.0.0-py3.12.egg-info/dependency_links.txt
[6.620s] -- Installing: /home/ali-hmaza/Downloads/ROS2/ros2_ws/install/my_robot_interfaces/lib/python3.12/site-packages/my_robot_interfaces
[6.620s] -- Installing: /home/ali-hmaza/Downloads/ROS2/ros2_ws/install/my_robot_interfaces/lib/python3.12/site-packages/my_robot_interfaces/_my_robot_interfaces_s.ep.rosidl_typesupport_introspection_c.c
[6.620s] -- Installing: /home/ali-hmaza/Downloads/ROS2/ros2_ws/install/my_robot_interfaces/lib/python3.12/site-packages/my_robot_interfaces/_my_robot_interfaces_s.ep.rosidl_typesupport_fastrtps_c.c
[6.620s] -- Installing: /home/ali-hmaza/Downloads/ROS2/ros2_ws/install/my_robot_interfaces/lib/python3.12/site-packages/my_robot_interfaces/__init__.py
[6.620s] -- Installing: /home/ali-hmaza/Downloads/ROS2/ros2_ws/install/my_robot_interfaces/lib/python3.12/site-packages/my_robot_interfaces/my_robot_interfaces_s__rosidl_typesupport_c.so
[6.620s] -- Installing: /home/ali-hmaza/Downloads/ROS2/ros2_ws/install/my_robot_interfaces/lib/python3.12/site-packages/my_robot_interfaces/srv
[6.620s] -- Installing: /home/ali-hmaza/Downloads/ROS2/ros2_ws/install/my_robot_interfaces/lib/python3.12/site-packages/my_robot_interfaces/srv/__init__.py
[6.620s] -- Installing: /home/ali-hmaza/Downloads/ROS2/ros2_ws/install/my_robot_interfaces/lib/python3.12/site-packages/my_robot_interfaces/srv/_reset_counter_s.c
[6.621s] -- Installing: /home/ali-hmaza/Downloads/ROS2/ros2_ws/install/my_robot_interfaces/lib/python3.12/site-packages/my_robot_interfaces/srv/_reset_counter.py
[6.621s] -- Installing: /home/ali-hmaza/Downloads/ROS2/ros2_ws/install/my_robot_interfaces/lib/python3.12/site-packages/my_robot_interfaces/my_robot_interfaces_s__rosidl_typesupport_introspection_c.so
[6.621s] -- Installing: /home/ali-hmaza/Downloads/ROS2/ros2_ws/install/my_robot_interfaces/lib/python3.12/site-packages/my_robot_interfaces/_my_robot_interfaces_s.ep.rosidl_typesupport_c.c
[6.621s] -- Installing: /home/ali-hmaza/Downloads/ROS2/ros2_ws/install/my_robot_interfaces/lib/python3.12/site-packages/my_robot_interfaces/msg
[6.621s] -- Installing: /home/ali-hmaza/Downloads/ROS2/ros2_ws/install/my_robot_interfaces/lib/python3.12/site-packages/my_robot_interfaces/msg/__init__.py
[6.621s] -- Installing: /home/ali-hmaza/Downloads/ROS2/ros2_ws/install/my_robot_interfaces/lib/python3.12/site-packages/my_robot_interfaces/msg/_hardware_status_s.c
[6.621s] -- Installing: /home/ali-hmaza/Downloads/ROS2/ros2_ws/install/my_robot_interfaces/lib/python3.12/site-packages/my_robot_interfaces/msg/_hardware_status.py
[6.621s] -- Installing: /home/ali-hmaza/Downloads/ROS2/ros2_ws/install/my_robot_interfaces/lib/python3.12/site-packages/my_robot_interfaces/my_robot_interfaces_s__rosidl_typesupport_fastrtps_c.so
[6.670s] Listing '/home/ali-hmaza/Downloads/ROS2/ros2_ws/install/my_robot_interfaces/lib/python3.12/site-packages/my_robot_interfaces'...
[6.670s] Compiling '/home/ali-hmaza/Downloads/ROS2/ros2_ws/install/my_robot_interfaces/lib/python3.12/site-packages/my_robot_interfaces/__init__.py'...
[6.670s] Listing '/home/ali-hmaza/Downloads/ROS2/ros2_ws/install/my_robot_interfaces/lib/python3.12/site-packages/my_robot_interfaces/msg'...
[6.670s] Compiling '/home/ali-hmaza/Downloads/ROS2/ros2_ws/install/my_robot_interfaces/lib/python3.12/site-packages/my_robot_interfaces/msg/__init__.py'...
[6.670s] Compiling '/home/ali-hmaza/Downloads/ROS2/ros2_ws/install/my_robot_interfaces/lib/python3.12/site-packages/my_robot_interfaces/msg/_hardware_status.py'...
[6.670s] Listing '/home/ali-hmaza/Downloads/ROS2/ros2_ws/install/my_robot_interfaces/lib/python3.12/site-packages/my_robot_interfaces/srv'...
[6.670s] Compiling '/home/ali-hmaza/Downloads/ROS2/ros2_ws/install/my_robot_interfaces/lib/python3.12/site-packages/my_robot_interfaces/srv/__init__.py'...
[6.670s] Compiling '/home/ali-hmaza/Downloads/ROS2/ros2_ws/install/my_robot_interfaces/lib/python3.12/site-packages/my_robot_interfaces/srv/_reset_counter.py'...
[6.674s] -- Installing: /home/ali-hmaza/Downloads/ROS2/ros2_ws/install/my_robot_interfaces/lib/python3.12/site-packages/my_robot_interfaces/my_robot_interfaces_s__rosidl_typesupport_fastrtps_c.so
[6.674s] -- Set non-toolchain portion of runtime path of "/home/ali-hmaza/Downloads/ROS2/ros2_ws/install/my_robot_interfaces/lib/python3.12/site-packages/my_robot_interfaces/my_robot_interfaces_s__rosidl_typesupport_fastrtps_c.so" to ""
[6.674s] -- Installing: /home/ali-hmaza/Downloads/ROS2/ros2_ws/install/my_robot_interfaces/lib/python3.12/site-packages/my_robot_interfaces/my_robot_interfaces_s__rosidl_typesupport_introspection_c.so
[6.674s] -- Set non-toolchain portion of runtime path of "/home/ali-hmaza/Downloads/ROS2/ros2_ws/install/my_robot_interfaces/lib/python3.12/site-packages/my_robot_interfaces/my_robot_interfaces_s__rosidl_typesupport_introspection_c.so" to ""
[6.674s] -- Installing: /home/ali-hmaza/Downloads/ROS2/ros2_ws/install/my_robot_interfaces/lib/python3.12/site-packages/my_robot_interfaces/my_robot_interfaces_s__rosidl_typesupport_c.so
[6.674s] -- Set non-toolchain portion of runtime path of "/home/ali-hmaza/Downloads/ROS2/ros2_ws/install/my_robot_interfaces/lib/python3.12/site-packages/my_robot_interfaces/my_robot_interfaces_s__rosidl_typesupport_c.so" to ""
[6.674s] -- Installing: /home/ali-hmaza/Downloads/ROS2/ros2_ws/install/my_robot_interfaces/lib/libmy_robot_interfaces__rosidl_generator_py.so
[6.675s] -- Set non-toolchain portion of runtime path of "/home/ali-hmaza/Downloads/ROS2/ros2_ws/install/my_robot_interfaces/lib/libmy_robot_interfaces__rosidl_generator_py.so" to ""
[6.675s] -- Installing: /home/ali-hmaza/Downloads/ROS2/ros2_ws/install/my_robot_interfaces/share/my_robot_interfaces/msg/HardwareStatus.idl
[6.675s] -- Installing: /home/ali-hmaza/Downloads/ROS2/ros2_ws/install/my_robot_interfaces/share/my_robot_interfaces/srv/ResetCounter.idl
[6.675s] -- Installing: /home/ali-hmaza/Downloads/ROS2/ros2_ws/install/my_robot_interfaces/share/my_robot_interfaces/msg/HardwareStatus.msg
[6.675s] -- Installing: /home/ali-hmaza/Downloads/ROS2/ros2_ws/install/my_robot_interfaces/share/my_robot_interfaces/srv/ResetCounter.srv
[6.675s] -- Installing: /home/ali-hmaza/Downloads/ROS2/ros2_ws/install/my_robot_interfaces/share/ament_index/resource_index/package_run_dependencies/my_robot_interfaces
[6.675s] -- Installing: /home/ali-hmaza/Downloads/ROS2/ros2_ws/install/my_robot_interfaces/share/ament_index/resource_index/parent_prefix_path/my_robot_interfaces
[6.675s] -- Installing: /home/ali-hmaza/Downloads/ROS2/ros2_ws/install/my_robot_interfaces/share/my_robot_interfaces/environment/ament_prefix_path.sh
[6.675s] -- Installing: /home/ali-hmaza/Downloads/ROS2/ros2_ws/install/my_robot_interfaces/share/my_robot_interfaces/environment/ament_prefix_path.dsv
[6.675s] -- Installing: /home/ali-hmaza/Downloads/ROS2/ros2_ws/install/my_robot_interfaces/share/my_robot_interfaces/environment/path.sh
[6.676s] -- Installing: /home/ali-hmaza/Downloads/ROS2/ros2_ws/install/my_robot_interfaces/share/my_robot_interfaces/environment/path.dsv
[6.676s] -- Installing: /home/ali-hmaza/Downloads/ROS2/ros2_ws/install/my_robot_interfaces/share/my_robot_interfaces/local_setup.bash
[6.676s] -- Installing: /home/ali-hmaza/Downloads/ROS2/ros2_ws/install/my_robot_interfaces/share/my_robot_interfaces/local_setup.sh
[6.676s] -- Installing: /home/ali-hmaza/Downloads/ROS2/ros2_ws/install/my_robot_interfaces/share/my_robot_interfaces/local_setup.zsh
[6.676s] -- Installing: /home/ali-hmaza/Downloads/ROS2/ros2_ws/install/my_robot_interfaces/share/my_robot_interfaces/local_setup.dsv
[6.676s] -- Installing: /home/ali-hmaza/Downloads/ROS2/ros2_ws/install/my_robot_interfaces/share/my_robot_interfaces/package.dsv
[6.676s] -- Installing: /home/ali-hmaza/Downloads/ROS2/ros2_ws/install/my_robot_interfaces/share/ament_index/resource_index/packages/my_robot_interfaces
[6.676s] -- Installing: /home/ali-hmaza/Downloads/ROS2/ros2_ws/install/my_robot_interfaces/share/my_robot_interfaces/cmake/export_my_robot_interfaces__rosidl_generator_cExport.cmake
[6.676s] -- Installing: /home/ali-hmaza/Downloads/ROS2/ros2_ws/install/my_robot_interfaces/share/my_robot_interfaces/cmake/export_my_robot_interfaces__rosidl_generator_cExport-noconfig.cmake
[6.676s] -- Installing: /home/ali-hmaza/Downloads/ROS2/ros2_ws/install/my_robot_interfaces/share/my_robot_interfaces/cmake/export_my_robot_interfaces__rosidl_typesupport_fastrtps_cExport.cmake
[6.677s] -- Installing: /home/ali-hmaza/Downloads/ROS2/ros2_ws/install/my_robot_interfaces/share/my_robot_interfaces/cmake/export_my_robot_interfaces__rosidl_typesupport_fastrtps_cExport-noconfig.cmake
[6.677s] -- Installing: /home/ali-hmaza/Downloads/ROS2/ros2_ws/install/my_robot_interfaces/share/my_robot_interfaces/cmake/my_robot_interfaces__rosidl_typesupport_introspection_cExport.cmake
[6.677s] -- Installing: /home/ali-hmaza/Downloads/ROS2/ros2_ws/install/my_robot_interfaces/share/my_robot_interfaces/cmake/my_robot_interfaces__rosidl_typesupport_introspection_cExport-noconfig.cmake
[6.677s] -- Installing: /home/ali-hmaza/Downloads/ROS2/ros2_ws/install/my_robot_interfaces/share/my_robot_interfaces/cmake/my_robot_interfaces__rosidl_typesupport_cExport.cmake
[6.677s] -- Installing: /home/ali-hmaza/Downloads/ROS2/ros2_ws/install/my_robot_interfaces/share/my_robot_interfaces/cmake/my_robot_interfaces__rosidl_typesupport_cExport-noconfig.cmake
[6.677s] -- Installing: /home/ali-hmaza/Downloads/ROS2/ros2_ws/install/my_robot_interfaces/share/my_robot_interfaces/cmake/export_my_robot_interfaces__rosidl_generator_cppExport.cmake
[6.677s] -- Installing: /home/ali-hmaza/Downloads/ROS2/ros2_ws/install/my_robot_interfaces/share/my_robot_interfaces/cmake/export_my_robot_interfaces__rosidl_typesupport_fastrtps_cppExport.cmake
[6.677s] -- Installing: /home/ali-hmaza/Downloads/ROS2/ros2_ws/install/my_robot_interfaces/share/my_robot_interfaces/cmake/export_my_robot_interfaces__rosidl_typesupport_fastrtps_cppExport-noconfig.cmake
[6.677s] -- Installing: /home/ali-hmaza/Downloads/ROS2/ros2_ws/install/my_robot_interfaces/share/my_robot_interfaces/cmake/my_robot_interfaces__rosidl_typesupport_introspection_cppExport.cmake
[6.677s] -- Installing: /home/ali-hmaza/Downloads/ROS2/ros2_ws/install/my_robot_interfaces/share/my_robot_interfaces/cmake/my_robot_interfaces__rosidl_typesupport_introspection_cppExport-noconfig.cmake
[6.677s] -- Installing: /home/ali-hmaza/Downloads/ROS2/ros2_ws/install/my_robot_interfaces/share/my_robot_interfaces/cmake/my_robot_interfaces__rosidl_typesupport_cppExport.cmake
[6.678s] -- Installing: /home/ali-hmaza/Downloads/ROS2/ros2_ws/install/my_robot_interfaces/share/my_robot_interfaces/cmake/my_robot_interfaces__rosidl_typesupport_cppExport-noconfig.cmake
[6.678s] -- Installing: /home/ali-hmaza/Downloads/ROS2/ros2_ws/install/my_robot_interfaces/share/my_robot_interfaces/cmake/export_my_robot_interfaces__rosidl_generator_pyExport.cmake
[6.678s] -- Installing: /home/ali-hmaza/Downloads/ROS2/ros2_ws/install/my_robot_interfaces/share/my_robot_interfaces/cmake/export_my_robot_interfaces__rosidl_generator_pyExport-noconfig.cmake
[6.678s] -- Installing: /home/ali-hmaza/Downloads/ROS2/ros2_ws/install/my_robot_interfaces/share/my_robot_interfaces/cmake/rosidl_cmake-extras.cmake
[6.678s] -- Installing: /home/ali-hmaza/Downloads/ROS2/ros2_ws/install/my_robot_interfaces/share/my_robot_interfaces/cmake/ament_cmake_export_dependencies-extras.cmake
[6.678s] -- Installing: /home/ali-hmaza/Downloads/ROS2/ros2_ws/install/my_robot_interfaces/share/my_robot_interfaces/cmake/ament_cmake_export_include_directories-extras.cmake
[6.678s] -- Installing: /home/ali-hmaza/Downloads/ROS2/ros2_ws/install/my_robot_interfaces/share/my_robot_interfaces/cmake/ament_cmake_export_libraries-extras.cmake
[6.679s] -- Installing: /home/ali-hmaza/Downloads/ROS2/ros2_ws/install/my_robot_interfaces/share/my_robot_interfaces/cmake/ament_cmake_export_targets-extras.cmake
[6.679s] -- Installing: /home/ali-hmaza/Downloads/ROS2/ros2_ws/install/my_robot_interfaces/share/my_robot_interfaces/cmake/rosidl_cmake_export_typesupport_targets-extras.cmake
[6.679s] -- Installing: /home/ali-hmaza/Downloads/ROS2/ros2_ws/install/my_robot_interfaces/share/my_robot_interfaces/cmake/rosidl_cmake_export_typesupport_libraries-extras.cmake
[6.679s] -- Installing: /home/ali-hmaza/Downloads/ROS2/ros2_ws/install/my_robot_interfaces/share/my_robot_interfaces/cmake/my_robot_interfacesConfig.cmake
[6.679s] -- Installing: /home/ali-hmaza/Downloads/ROS2/ros2_ws/install/my_robot_interfaces/share/my_robot_interfaces/cmake/my_robot_interfacesConfig-version.cmake
[6.679s] -- Installing: /home/ali-hmaza/Downloads/ROS2/ros2_ws/install/my_robot_interfaces/share/my_robot_interfaces/package.xml
[6.680s] Invoked command in '/home/ali-hmaza/Downloads/ROS2/ros2_ws/build/my_robot_interfaces' returned '0': CMAKE_PREFIX_PATH=${CMAKE_PREFIX_PATH}:/opt/ros/jazzy DEBUGINFOD_URLS=https://debuginfod.ubuntu.com /usr/bin/cmake --install /home/ali-hmaza/Downloads/ROS2/ros2_ws/build/my_robot_interfaces
